Content-Type: multipart/alternative;
 boundary="===============1380909653414287219=="
MIME-Version: 1.0
Subject: Profile activation
From: test@example.com
To: bha@gmail.com
Date: Thu, 02 Jun 2022 17:39:57 -0000
Message-ID: <165419159730.11616.10823297684379048169@DESKTOP-E6KMV7S>

--===============1380909653414287219==
Content-Type: text/plain; charset="utf-8"
MIME-Version: 1.0
Content-Transfer-Encoding: 7bit



To activate your profile, please follow this link:

http://127.0.0.1:8000/accounts/activate/qkHfopk2D6HNt1FwBi6W/

--===============1380909653414287219==
Content-Type: text/html; charset="utf-8"
MIME-Version: 1.0
Content-Transfer-Encoding: 7bit



<!DOCTYPE html PUBLIC "-//W3C//DTD XHTML 1.0 Transitional//EN"
        "http://www.w3.org/TR/xhtml1/DTD/xhtml1-transitional.dtd">
<html xmlns="http://www.w3.org/1999/xhtml">
<head>
    <meta http-equiv="Content-Type" content="text/html; charset=UTF-8"/>
    <title>Profile activation</title>
    <meta name="viewport" content="width=device-width, initial-scale=1.0"/>
</head>

<body>

<p>
    To activate your profile, please follow this link:
</p>

<p>
    <a href="http://127.0.0.1:8000/accounts/activate/qkHfopk2D6HNt1FwBi6W/">http://127.0.0.1:8000/accounts/activate/qkHfopk2D6HNt1FwBi6W/</a>
</p>

</body>

</html>

--===============1380909653414287219==--

-------------------------------------------------------------------------------
