Content-Type: multipart/alternative;
 boundary="===============7016205835936795013=="
MIME-Version: 1.0
Subject: Profile activation
From: test@example.com
To: bharathitombt@gmail.com
Date: Mon, 06 Jun 2022 06:21:24 -0000
Message-ID: <165449648410.12188.10293033407117794016@DESKTOP-E6KMV7S>

--===============7016205835936795013==
Content-Type: text/plain; charset="utf-8"
MIME-Version: 1.0
Content-Transfer-Encoding: 7bit



To activate your profile, please follow this link:

http://127.0.0.1:8000/accounts/activate/yxubwMJHZyGkyTpmqCyG/

--===============7016205835936795013==
Content-Type: text/html; charset="utf-8"
MIME-Version: 1.0
Content-Transfer-Encoding: 7bit



<!DOCTYPE html PUBLIC "-//W3C//DTD XHTML 1.0 Transitional//EN"
        "http://www.w3.org/TR/xhtml1/DTD/xhtml1-transitional.dtd">
<html xmlns="http://www.w3.org/1999/xhtml">
<head>
    <meta http-equiv="Content-Type" content="text/html; charset=UTF-8"/>
    <title>Profile activation</title>
    <meta name="viewport" content="width=device-width, initial-scale=1.0"/>
</head>

<body>

<p>
    To activate your profile, please follow this link:
</p>

<p>
    <a href="http://127.0.0.1:8000/accounts/activate/yxubwMJHZyGkyTpmqCyG/">http://127.0.0.1:8000/accounts/activate/yxubwMJHZyGkyTpmqCyG/</a>
</p>

</body>

</html>

--===============7016205835936795013==--

-------------------------------------------------------------------------------
